<?xml version="1.0" encoding="UTF-8" ?>
<testsuite errors="0" failures="0" hostname="IS-DEV-Win12-1" name="test.FlywayDBUnit_Tests" skipped="0" tests="5" time="1.023" timestamp="2017-11-02T12:23:07">
  <properties>
    <property name="java.vendor" value="Oracle Corporation" />
    <property name="env.USERDOMAIN_ROAMINGPROFILE" value="IS-DEV-Win12-1" />
    <property name="sun.java.launcher" value="SUN_STANDARD" />
    <property name="sun.management.compiler" value="HotSpot 64-Bit Tiered Compilers" />
    <property name="env.PROMPT" value="$P$G" />
    <property name="os.name" value="Windows Server 2012 R2" />
    <property name="env.FP_NO_HOST_CHECK" value="NO" />
    <property name="sun.boot.class.path" value="C:\Program Files\Java\jdk1.8.0_131\jre\lib\resources.jar;C:\Program Files\Java\jdk1.8.0_131\jre\lib\rt.jar;C:\Program Files\Java\jdk1.8.0_131\jre\lib\sunrsasign.jar;C:\Program Files\Java\jdk1.8.0_131\jre\lib\jsse.jar;C:\Program Files\Java\jdk1.8.0_131\jre\lib\jce.jar;C:\Program Files\Java\jdk1.8.0_131\jre\lib\charsets.jar;C:\Program Files\Java\jdk1.8.0_131\jre\lib\jfr.jar;C:\Program Files\Java\jdk1.8.0_131\jre\classes" />
    <property name="env.COMPUTERNAME" value="IS-DEV-Win12-1" />
    <property name="env.CommonProgramW6432" value="C:\Program Files\Common Files" />
    <property name="env.ALLUSERSPROFILE" value="C:\ProgramData" />
    <property name="sun.desktop" value="windows" />
    <property name="ant.file.dbunit-export" value="C:\Users\mukesh\eclipse-workspace\flyway-sql\DbUnitTesting\build.xml" />
    <property name="java.vm.specification.vendor" value="Oracle Corporation" />
    <property name="ant.home" value="C:\Users\mukesh\.p2\pool\plugins\org.apache.ant_1.10.1.v20170504-0840" />
    <property name="java.runtime.version" value="1.8.0_131-b11" />
    <property name="env.CONNECTALL_HOME" value="C:\mulesoft\mule-standalone-3.6.1\database" />
    <property name="env.HOMEPATH" value="\Users\mukesh" />
    <property name="user.name" value="mukesh" />
    <property name="ant.file.type.dbunit-export" value="file" />
    <property name="user.language" value="en" />
    <property name="sun.boot.library.path" value="C:\Program Files\Java\jdk1.8.0_131\jre\bin" />
    <property name="ant.project.name" value="dbunit-export" />
    <property name="java.version" value="1.8.0_131" />
    <property name="env.PROCESSOR_IDENTIFIER" value="Intel64 Family 6 Model 63 Stepping 2, GenuineIntel" />
    <property name="user.timezone" value="" />
    <property name="env.CLIENTNAME" value="A2ML18968" />
    <property name="env.TEMP" value="C:\Users\mukesh\AppData\Local\Temp\4" />
    <property name="sun.arch.data.model" value="64" />
    <property name="java.endorsed.dirs" value="C:\Program Files\Java\jdk1.8.0_131\jre\lib\endorsed" />
    <property name="sun.cpu.isalist" value="amd64" />
    <property name="env.HOMEDRIVE" value="C:" />
    <property name="sun.jnu.encoding" value="Cp1252" />
    <property name="file.encoding.pkg" value="sun.io" />
    <property name="file.separator" value="\" />
    <property name="java.specification.name" value="Java Platform API Specification" />
    <property name="env.COR_PROFILER" value="{DA7CFC47-3E35-4c4e-B495-534F93B28683}" />
    <property name="java.class.version" value="52.0" />
    <property name="user.country" value="US" />
    <property name="java.home" value="C:\Program Files\Java\jdk1.8.0_131\jre" />
    <property name="env.PSModulePath" value="C:\Windows\system32\WindowsPowerShell\v1.0\Modules\;C:\Program Files (x86)\Microsoft SQL Server\130\Tools\PowerShell\Modules\;C:\Program Files\Microsoft Monitoring Agent\Agent\PowerShell\" />
    <property name="env.APPDATA" value="C:\Users\mukesh\AppData\Roaming" />
    <property name="env.PUBLIC" value="C:\Users\Public" />
    <property name="java.vm.info" value="mixed mode" />
    <property name="env.ComSpec" value="C:\Windows\system32\cmd.exe" />
    <property name="env.OS" value="Windows_NT" />
    <property name="env.CommonProgramFiles" value="C:\Program Files\Common Files" />
    <property name="ant.file" value="C:\Users\mukesh\eclipse-workspace\flyway-sql\DbUnitTesting\build.xml" />
    <property name="os.version" value="6.3" />
    <property name="env.ProgramW6432" value="C:\Program Files" />
    <property name="path.separator" value=";" />
    <property name="java.vm.version" value="25.131-b11" />
    <property name="env.USERPROFILE" value="C:\Users\mukesh" />
    <property name="user.variant" value="" />
    <property name="ant.library.dir" value="C:\Users\mukesh\.p2\pool\plugins\org.apache.ant_1.10.1.v20170504-0840\lib" />
    <property name="env.COR_ENABLE_PROFILING" value="0x01" />
    <property name="junit.output.dir" value="junit" />
    <property name="env.JAVA_HOME" value="C:\Program Files\Java\jre1.8.0_152" />
    <property name="java.awt.printerjob" value="sun.awt.windows.WPrinterJob" />
    <property name="dbunit.format" value="flat" />
    <property name="env.TMP" value="C:\Users\mukesh\AppData\Local\Temp\4" />
    <property name="sun.io.unicode.encoding" value="UnicodeLittle" />
    <property name="awt.toolkit" value="sun.awt.windows.WToolkit" />
    <property name="user.script" value="" />
    <property name="user.home" value="C:\Users\mukesh" />
    <property name="target" value="1.8" />
    <property name="env.ProgramData" value="C:\ProgramData" />
    <property name="env.SESSIONNAME" value="RDP-Tcp#113" />
    <property name="env.ProgramFiles(x86)" value="C:\Program Files (x86)" />
    <property name="java.specification.vendor" value="Oracle Corporation" />
    <property name="env.M2_HOME" value="c:\apache-maven-3.5.0" />
    <property name="env.MULE_HOME" value="C:\mulesoft\mule-standalone-3.6.1" />
    <property name="java.library.path" value="C:\Program Files\Java\jdk1.8.0_131\jre\bin;C:\Windows\Sun\Java\bin;C:\Windows\system32;C:\Windows;C:/Program Files/Java/jre1.8.0_152/bin/server;C:/Program Files/Java/jre1.8.0_152/bin;C:/Program Files/Java/jre1.8.0_152/lib/amd64;C:\Program Files\Java\jre1.8.0_152\bin;C:\Program Files\IBM\WebSphere\AppClient\bin;C:\Program Files\IBM\WebSphere\AppClient\java\8.0\jre\bin;C:\Program Files\IBM\WebSphere\AppClient\java\8.0\jre\bin\j9vm;C:\ProgramData\Oracle\Java\javapath;C:\Windows\system32;C:\Windows;C:\Windows\System32\Wbem;C:\Windows\System32\WindowsPowerShell\v1.0\;C:\Program Files\Microsoft SQL Server\Client SDK\ODBC\130\Tools\Binn\;C:\Program Files (x86)\Microsoft SQL Server\130\Tools\Binn\;C:\Program Files\Microsoft SQL Server\130\Tools\Binn\;C:\Program Files\Microsoft SQL Server\130\DTS\Binn\;C:\Program Files\Java\jdk1.8.0_131\bin;C:\Program Files\Git\cmd;C:\Program Files\Microsoft\Web Platform Installer\;C:\Program Files (x86)\WebSphere_-_Java_v1\wily;C:\Program Files (x86)\MySQL\MySQL Utilities 1.6\;C:\Program Files (x86)\MySQL\MySQL Server 5.6\bin;c:\apache-maven-3.5.0\bin;C:\Program Files (x86)\HPE\Unified Functional Testing\bin;C:\Program Files\PuTTY\;C:\Users\mukesh\Downloads;;." />
    <property name="env.NUMBER_OF_PROCESSORS" value="2" />
    <property name="java.vendor.url" value="http://java.oracle.com/" />
    <property name="java.vm.vendor" value="Oracle Corporation" />
    <property name="java.runtime.name" value="Java(TM) SE Runtime Environment" />
    <property name="ant.version" value="Apache Ant(TM) version 1.10.1 compiled on February 2 2017" />
    <property name="java.class.path" value="C:\Users\mukesh\eclipse-workspace\flyway-sql\DbUnitTesting\bin;C:\Users\mukesh\eclipse-workspace\flyway-sql\DbUnitTesting\libs\junit.jar;C:\Users\mukesh\eclipse-workspace\flyway-sql\DbUnitTesting\libs\mysql-connector-java-6.0.6.jar;C:\Users\mukesh\eclipse-workspace\flyway-sql\DbUnitTesting\libs\commons-io-2.5.jar;C:\Users\mukesh\eclipse-workspace\flyway-sql\DbUnitTesting\libs\slf4j-api-1.7.25.jar;C:\Users\mukesh\eclipse-workspace\flyway-sql\DbUnitTesting\libs\slf4j-simple-1.6.1.jar;C:\Users\mukesh\eclipse-workspace\flyway-sql\DbUnitTesting\libs\org.apache.commons.pool.jar;C:\Users\mukesh\eclipse-workspace\flyway-sql\DbUnitTesting\libs\dbunit-2.5.4.jar;C:\Users\mukesh\.p2\pool\plugins\org.apache.ant_1.10.1.v20170504-0840\lib\ant-launcher.jar;C:\Users\mukesh\.p2\pool\plugins\org.apache.ant_1.10.1.v20170504-0840\lib\ant.jar;C:\Users\mukesh\.p2\pool\plugins\org.apache.ant_1.10.1.v20170504-0840\lib\ant-junit.jar;C:\Users\mukesh\.p2\pool\plugins\org.apache.ant_1.10.1.v20170504-0840\lib\ant-junit4.jar" />
    <property name="sun.java.command" value="org.apache.tools.ant.taskdefs.optional.junit.JUnitTestRunner test.FlywayDBUnit_Tests skipNonTests=false filtertrace=true haltOnError=false haltOnFailure=false formatter=org.apache.tools.ant.taskdefs.optional.junit.OutErrSummaryJUnitResultFormatter showoutput=false outputtoformatters=true logfailedtests=true threadid=0 logtestlistenerevents=false formatter=org.apache.tools.ant.taskdefs.optional.junit.XMLJUnitResultFormatter,C:\Users\mukesh\eclipse-workspace\flyway-sql\DbUnitTesting\junit\TEST-test.FlywayDBUnit_Tests.xml crashfile=C:\Users\mukesh\eclipse-workspace\flyway-sql\DbUnitTesting\junitvmwatcher4705847019921934959.properties propsfile=C:\Users\mukesh\eclipse-workspace\flyway-sql\DbUnitTesting\junit8881152081202516795.properties" />
    <property name="java.vm.specification.name" value="Java Virtual Machine Specification" />
    <property name="env.ST_INSTALL_PATH" value="C:\Program Files (x86)\HPE\Unified Functional Testing\" />
    <property name="env.LOGONSERVER" value="\\IS-DEV-Win12-1" />
    <property name="env.windir" value="C:\Windows" />
    <property name="env.PROCESSOR_ARCHITECTURE" value="AMD64" />
    <property name="java.vm.specification.version" value="1.8" />
    <property name="sun.os.patch.level" value="" />
    <property name="sun.cpu.endian" value="little" />
    <property name="debuglevel" value="source,lines,vars" />
    <property name="env.ProgramFiles" value="C:\Program Files" />
    <property name="env.ANT_HOME" value="C:\Users\mukesh\.p2\pool\plugins\org.apache.ant_1.10.1.v20170504-0840" />
    <property name="java.io.tmpdir" value="C:\Users\mukesh\AppData\Local\Temp\4\" />
    <property name="env.PROCESSOR_REVISION" value="3f02" />
    <property name="env.CommonProgramFiles(x86)" value="C:\Program Files (x86)\Common Files" />
    <property name="java.vendor.url.bug" value="http://bugreport.sun.com/bugreport/" />
    <property name="env.SystemRoot" value="C:\Windows" />
    <property name="os.arch" value="amd64" />
    <property name="java.awt.graphicsenv" value="sun.awt.Win32GraphicsEnvironment" />
    <property name="java.ext.dirs" value="C:\Program Files\Java\jdk1.8.0_131\jre\lib\ext;C:\Windows\Sun\Java\lib\ext" />
    <property name="user.dir" value="C:\Users\mukesh\eclipse-workspace\flyway-sql\DbUnitTesting" />
    <property name="env.LOCALAPPDATA" value="C:\Users\mukesh\AppData\Local" />
    <property name="env.MAVEN_HOME" value="c:\apache-maven-3.5.0" />
    <property name="line.separator" value="&#xd;&#xa;" />
    <property name="java.vm.name" value="Java HotSpot(TM) 64-Bit Server VM" />
    <property name="env.PATHEXT" value=".COM;.EXE;.BAT;.CMD;.VBS;.VBE;.JS;.JSE;.WSF;.WSH;.MSC" />
    <property name="env.Path" value="C:/Program Files/Java/jre1.8.0_152/bin/server;C:/Program Files/Java/jre1.8.0_152/bin;C:/Program Files/Java/jre1.8.0_152/lib/amd64;C:\Program Files\Java\jre1.8.0_152\bin;C:\Program Files\IBM\WebSphere\AppClient\bin;C:\Program Files\IBM\WebSphere\AppClient\java\8.0\jre\bin;C:\Program Files\IBM\WebSphere\AppClient\java\8.0\jre\bin\j9vm;C:\ProgramData\Oracle\Java\javapath;C:\Windows\system32;C:\Windows;C:\Windows\System32\Wbem;C:\Windows\System32\WindowsPowerShell\v1.0\;C:\Program Files\Microsoft SQL Server\Client SDK\ODBC\130\Tools\Binn\;C:\Program Files (x86)\Microsoft SQL Server\130\Tools\Binn\;C:\Program Files\Microsoft SQL Server\130\Tools\Binn\;C:\Program Files\Microsoft SQL Server\130\DTS\Binn\;C:\Program Files\Java\jdk1.8.0_131\bin;C:\Program Files\Git\cmd;C:\Program Files\Microsoft\Web Platform Installer\;C:\Program Files (x86)\WebSphere_-_Java_v1\wily;C:\Program Files (x86)\MySQL\MySQL Utilities 1.6\;C:\Program Files (x86)\MySQL\MySQL Server 5.6\bin;c:\apache-maven-3.5.0\bin;C:\Program Files (x86)\HPE\Unified Functional Testing\bin;C:\Program Files\PuTTY\;C:\Users\mukesh\Downloads;" />
    <property name="basedir" value="C:\Users\mukesh\eclipse-workspace\flyway-sql\DbUnitTesting" />
    <property name="ant.java.version" value="1.8" />
    <property name="ant.core.lib" value="C:\Users\mukesh\.p2\pool\plugins\org.apache.ant_1.10.1.v20170504-0840\lib\ant.jar" />
    <property name="env.USERNAME" value="mukesh" />
    <property name="env.SystemDrive" value="C:" />
    <property name="source" value="1.8" />
    <property name="file.encoding" value="Cp1252" />
    <property name="env.USERDOMAIN" value="IS-DEV-Win12-1" />
    <property name="java.specification.version" value="1.8" />
    <property name="ant.project.invoked-targets" value="build,FlywayDBUnit_Tests" />
    <property name="env.PROCESSOR_LEVEL" value="6" />
  </properties>
  <testcase classname="test.FlywayDBUnit_Tests" name="testCheckActualvsLoaded5" time="0.925" />
  <testcase classname="test.FlywayDBUnit_Tests" name="testCheckXMLRowCount" time="0.013" />
  <testcase classname="test.FlywayDBUnit_Tests" name="testCheckXMLDataNonNUllability2" time="0.009" />
  <testcase classname="test.FlywayDBUnit_Tests" name="testCheckXMLDataNonNUllability3" time="0.01" />
  <testcase classname="test.FlywayDBUnit_Tests" name="testCheckXMLDataNonNUllability4" time="0.01" />
  <system-out><![CDATA[Entering getDataSet() method****
Exiting getDataSet() method****
rowCount :3
]]></system-out>
  <system-err><![CDATA[]]></system-err>
</testsuite>
